readlink: missing operand
Try 'readlink --help' for more information.
rm: cannot remove ‘fort.18’: No such file or directory
rm: cannot remove ‘Maxwellian_bend_for_ptc.txt’: No such file or directory
rm: cannot remove ‘PS.seq’: No such file or directory
rm: cannot remove ‘madx.ps’: No such file or directory
rm: cannot remove ‘BSEXT40.tfs’: No such file or directory
rm: cannot remove ‘BSEXT42.tfs’: No such file or directory
rm: cannot remove ‘BSEXT43.tfs’: No such file or directory
rm: cannot remove ‘BSEXT44.tfs’: No such file or directory
rm: cannot remove ‘BSEXT_Out.tfs’: No such file or directory
rm: cannot remove ‘PI.BSM40.1.tfs’: No such file or directory
rm: cannot remove ‘madx_twiss.tfs’: No such file or directory
rm: cannot remove ‘ptc_twiss’: No such file or directory
rm: cannot remove ‘PTC-PyORBIT_flat_file.flt’: No such file or directory
rm: cannot remove ‘Tables/*.dat’: No such file or directory
rm: cannot remove ‘Tables/*.ptc’: No such file or directory
./clean_all.sh: line 7: clean_run.sh: No such file or directory
./clean_all.sh: line 8: clean_junk.sh: No such file or directory
rm: cannot remove ‘Condor_Logfiles’: No such file or directory
adding particle phase information attribute
adding particle phase information attribute
adding particle phase information attribute
adding particle phase information attribute
adding particle phase information attribute
adding particle phase information attribute
adding particle phase information attribute
adding particle phase information attribute
adding particle phase information attribute
adding particle phase information attribute
adding particle phase information attribute
adding particle phase information attribute
adding particle phase information attribute
adding particle phase information attribute
adding particle phase information attribute
adding particle phase information attribute
srun: Job step aborted: Waiting up to 32 seconds for job step to finish.
slurmstepd: error: *** STEP 83360.0 ON hpc006 CANCELLED AT 2019-07-29T15:20:36 ***
slurmstepd: error: *** JOB 83360 ON hpc006 CANCELLED AT 2019-07-29T15:20:36 ***
