@ NAME             %05s "TWISS"
@ TYPE             %05s "TWISS"
@ SEQUENCE         %07s "PSBRING"
@ PARTICLE         %04s "PROT"
@ MASS             %le             0.93827
@ CHARGE           %le                   1
@ ENERGY           %le             1.09827
@ PC               %le        0.5708295718
@ GAMMA            %le         1.170526607
@ KBUNCH           %le                   1
@ BCURRENT         %le                   0
@ SIGE             %le               0.001
@ SIGT             %le                   1
@ NPART            %le                   0
@ EX               %le                   1
@ EY               %le                   1
@ ET               %le               0.001
@ DELTAP           %le                   0
@ LENGTH           %le         157.0796327
@ ALPHA_C          %le       0.05799984789
@ ALPHA_C_P        %le            -1000000
@ ALPHA_C_P2       %le            -1000000
@ ALPHA_C_P3       %le            -1000000
@ ETA_C            %le       -0.6718565504
@ GAMMA_TR         %le         4.152279438
@ Q1               %le                0.28
@ Q2               %le                0.55
@ DQ1              %le        -3.474769758
@ DQ2              %le        -7.488619397
@ QS               %le                   0
@ BETA_X_MIN       %le         4.385989221
@ BETA_X_MAX       %le         7.492823943
@ BETA_Y_MIN       %le         3.699307804
@ BETA_Y_MAX       %le         14.58823572
@ BETA11MIN        %le         4.385989221
@ BETA11MAX        %le         7.492823943
@ BETA12MIN        %le                   0
@ BETA12MAX        %le                   0
@ BETA13MIN        %le                   0
@ BETA13MAX        %le                   0
@ BETA21MIN        %le                   0
@ BETA21MAX        %le                   0
@ BETA22MIN        %le         3.699307804
@ BETA22MAX        %le         14.58823572
@ BETA23MIN        %le                   0
@ BETA23MAX        %le                   0
@ BETA31MIN        %le                   0
@ BETA31MAX        %le                   0
@ BETA32MIN        %le                   0
@ BETA32MAX        %le                   0
@ BETA33MIN        %le                   0
@ BETA33MAX        %le                   0
@ DISP1MIN         %le        -1.623684879
@ DISP1MAX         %le        -1.292625508
@ DISP2MIN         %le       -0.4197701554
@ DISP2MAX         %le        0.4197701488
@ DISP3MIN         %le                   0
@ DISP3MAX         %le                   0
@ DISP4MIN         %le                   0
@ DISP4MAX         %le                   0
@ ORBIT_X          %le                   0
@ ORBIT_PX         %le                   0
@ ORBIT_Y          %le                   0
@ ORBIT_PY         %le                   0
@ ORBIT_PT         %le                   0
@ ORBIT_-CT        %le                  -0
@ XCORMS           %le                   0
@ PXCORMS          %le                   0
@ YCORMS           %le                   0
@ PYCORMS          %le                   0
@ TCORMS           %le                   0
@ PTCORMS          %le                   0
@ XCOMIN           %le                   0
@ XCOMAX           %le                   0
@ PXCOMIN          %le                   0
@ PXCOMAX          %le                   0
@ YCOMIN           %le                   0
@ YCOMAX           %le                   0
@ PYCOMIN          %le                   0
@ PYCOMAX          %le                   0
@ TCOMIN           %le                  -0
@ TCOMAX           %le                  -0
@ PTCOMIN          %le                   0
@ PTCOMAX          %le                   0
@ TITLE            %33s "Booster for PTC-ORBIT simulations"
@ ORIGIN           %16s "5.03.07 Linux 64"
@ DATE             %08s "04/05/18"
@ TIME             %08s "14.43.24"
* NAME                                L                  S                K1L             BETA11             ALFA11                MU1             BETA22             ALFA22                MU2              DISP1                 DX                 DY                  X                 PX 
$ %s                                %le                %le                %le                %le                %le                %le                %le                %le                %le                %le                %le                %le                %le                %le 
 "PSBRING$START"                      0                  0                  0         5.51624428   -4.633995196e-15                  0        3.699307804     7.68850036e-14                  0       -1.392948792                  0                  0                  0                  0
 "FOILTOPER2$START"                   0                  0                  0         5.51624428   -4.633995196e-15                  0        3.699307804     7.68850036e-14                  0       -1.392948792                  0                  0                  0                  0
 "DRIFT_0"                         0.11               0.11                  0        5.518437801     -0.01994110384     0.003173304673        3.702578686     -0.02973529261     0.004731124731       -1.392948792                  0                  0                  0                  0
 "BR.BSW3"                         0.37               0.48                  0        5.558011828     -0.08701572585      0.01381418722        3.761589726      -0.1297540041      0.02053625391       -1.392948792                  0                  0                  0                  0
 "DRIFT_1"                        0.326              0.806                  0        5.634012088      -0.1461139063      0.02309134783        3.874917954      -0.2178785986      0.03414286391       -1.392948792                  0                  0                  0                  0
 "BR.BSW4"                         0.37              1.176                  0        5.766953989      -0.2131885283      0.03342955375         4.07315504      -0.3178973101      0.04898700137       -1.392948792                  0                  0                  0                  0
 "DRIFT_2"                        0.151              1.327                  0        5.835470353      -0.2405622254      0.03757274476        4.175323613      -0.3587157572      0.05481586142       -1.392948792                  0                  0                  0                  0
 "BR.BHZ11"                      1.6177             2.9447                  0        7.077137055      -0.5319426226      0.07780670853        5.860955766      -0.6631264557       0.1078373738       -1.551256531                  0                  0                  0                  0
 "DRIFT_3"                 0.3676885212        3.312388521                  0        7.492823943      -0.5985982134       0.0858462883        6.381814189      -0.7534486963       0.1174116483       -1.623684848                  0                  0                  0                  0
 "BR.QFO11"                      0.5027        3.815088521       0.3804414795        6.719835552        2.036972922        0.096774168        8.606139829       -3.949851994       0.1285639369       -1.566777392                  0                  0                  0                  0
 "DRIFT_4"                       0.6531        4.468188521                  0        4.385989221        1.536517097       0.1159670346        14.58823572       -5.209688499        0.137845913       -1.292625508                  0                  0                  0                  0
 "BR.QDE1"                       0.8811        5.349288521      -0.6816715486        4.385989221       -1.536517097       0.1515329654        14.58823572        5.209688499        0.146529087       -1.292625508                  0                  0                  0                  0
 "DRIFT_5"                      0.10545        5.454738521                  0        4.718561455       -1.617321057       0.1552224612        13.51096244        5.006274382       0.1477245228        -1.33689027                  0                  0                  0                  0
 "BR.KSW1L4"                      0.444        5.898738521                  0        6.305803432       -1.957548261       0.1681915307        9.445668125        4.149793892       0.1539813691       -1.523268216                  0                  0                  0                  0
 "DRIFT_6"                      0.10365        6.002388521                  0        6.719835552       -2.036972922        0.170725832        8.606139829        3.949851994       0.1558110631       -1.566777392                  0                  0                  0                  0
 "BR.QFO12"                      0.5027        6.505088521       0.3804414795        7.492823943       0.5985982134       0.1816537117        6.381814189       0.7534486963       0.1669633517       -1.623684848                  0                  0                  0                  0
 "DRIFT_7"                 0.3676885212        6.872777042                  0        7.077137055       0.5319426226       0.1896932915        5.860955766       0.6631264557       0.1765376262       -1.551256531                  0                  0                  0                  0
 "BR.BHZ12"                      1.6177        8.490477042                  0        5.835470353       0.2405622254       0.2299272552        4.175323613       0.3587157572       0.2295591386       -1.392948792                  0                  0                  0                  0
 "FOILTOPER2$END"                     0        8.490477042                  0        5.835470353       0.2405622254       0.2299272552        4.175323613       0.3587157572       0.2295591386       -1.392948792                  0                  0                  0                  0
 "PER2$START"                         0        8.490477042                  0        5.835470353       0.2405622254       0.2299272552        4.175323613       0.3587157572       0.2295591386       -1.392948792                  0                  0                  0                  0
 "DRIFT_8"                        1.458        9.948477042                  0        5.519355273     -0.02374804185        0.271278908         3.70394678     -0.03541203029       0.2900086456       -1.392948792                  0                  0                  0                  0
 "BR.KSW2L1"                      0.444        10.39247704                  0        5.576180893      -0.1042375883       0.2840302303        3.788682632      -0.1554344841       0.3089167818       -1.392948792                  0                  0                  0                  0
 "DRIFT_9"                        0.752        11.14447704                  0        5.835470353      -0.2405622254       0.3050727448        4.175323613      -0.3587157572       0.3391908614       -1.392948792                  0                  0                  0                  0
 "BR.BHZ21"                      1.6177        12.76217704                  0        7.077137055      -0.5319426226       0.3453067085        5.860955766      -0.6631264557       0.3922123738       -1.551256531                  0                  0                  0                  0
 "DRIFT_10"                0.3676885212        13.12986556                  0        7.492823943      -0.5985982134       0.3533462883        6.381814189      -0.7534486963       0.4017866483       -1.623684848                  0                  0                  0                  0
 "BR.QFO21"                      0.5027        13.63256556       0.3804414795        6.719835552        2.036972922        0.364274168        8.606139829       -3.949851994       0.4129389369       -1.566777392                  0                  0                  0                  0
 "DRIFT_11"                0.3257134788        13.95827904                  0        5.474190298        1.787386017       0.3728253385        11.38382717       -4.578156588       0.4181771833       -1.430052597                  0                  0                  0                  0
 "UES2L3"                             0        13.95827904                  0        5.474190298        1.787386017       0.3728253385        11.38382717       -4.578156588       0.4181771833       -1.430052597                  0                  0                  0                  0
 "DRIFT_12"                0.3273865212        14.28566556                  0        4.385989221        1.536517097       0.3834670346        14.58823572       -5.209688499        0.422220913       -1.292625508                  0                  0                  0                  0
 "BR.QDE2"                       0.8811        15.16676556      -0.6816715486        4.385989221       -1.536517097       0.4190329654        14.58823572        5.209688499        0.430904087       -1.292625508                  0                  0                  0                  0
 "DRIFT_13"                      0.6531        15.81986556                  0        6.719835552       -2.036972922        0.438225832        8.606139829        3.949851994       0.4401860631       -1.566777392                  0                  0                  0                  0
 "BR.QFO22"                      0.5027        16.32256556       0.3804414795        7.492823943       0.5985982134       0.4491537117        6.381814189       0.7534486963       0.4513383517       -1.623684848                  0                  0                  0                  0
 "DRIFT_14"                0.3676885212        16.69025408                  0        7.077137055       0.5319426226       0.4571932915        5.860955766       0.6631264557       0.4609126262       -1.551256531                  0                  0                  0                  0
 "BR.BHZ22"                      1.6177        18.30795408                  0        5.835470353       0.2405622254       0.4974272552        4.175323613       0.3587157572       0.5139341386       -1.392948792                  0                  0                  0                  0
 "PER2$END"                           0        18.30795408                  0        5.835470353       0.2405622254       0.4974272552        4.175323613       0.3587157572       0.5139341386       -1.392948792                  0                  0                  0                  0
 "PER3$START"                         0        18.30795408                  0        5.835470353       0.2405622254       0.4974272552        4.175323613       0.3587157572       0.5139341386       -1.392948792                  0                  0                  0                  0
 "DRIFT_15"                       0.524        18.83195408                  0        5.633137036        0.145570058       0.5119934056        3.873613115       0.2170676361       0.5347303762       -1.392948792                  0                  0                  0                  0
 "BR1.DES3L1"                     0.565        19.39695408                  0        5.526512861       0.0431452974       0.5281374688        3.714619857      0.06433636038       0.5585246428       -1.392948792                  0                  0                  0                  0
 "DRIFT_16"                       0.374        19.77095408                  0        5.519597286     -0.02465445566       0.5389230837        3.704307658      -0.0367636345       0.5745984802       -1.392948792                  0                  0                  0                  0
 "BR.QNO3L1"                          0        19.77095408                  0        5.519597286     -0.02465445566       0.5389230837        3.704307658      -0.0367636345       0.5745984802       -1.392948792                  0                  0                  0                  0
 "DRIFT_17"                       1.191        20.96195408                  0        5.835470353      -0.2405622254       0.5725727448        4.175323613      -0.3587157572       0.6235658614       -1.392948792                  0                  0                  0                  0
 "BR.BHZ31"                      1.6177        22.57965408                  0        7.077137055      -0.5319426226       0.6128067085        5.860955766      -0.6631264557       0.6765873738       -1.551256531                  0                  0                  0                  0
 "DRIFT_18"                0.3676885212        22.94734261                  0        7.492823943      -0.5985982134       0.6208462883        6.381814189      -0.7534486963       0.6861616483       -1.623684848                  0                  0                  0                  0
 "BR.QFO31"                      0.5027        23.45004261       0.3804414795        6.719835552        2.036972922        0.631774168        8.606139829       -3.949851994       0.6973139369       -1.566777392                  0                  0                  0                  0
 "DRIFT_19"                      0.6531        24.10314261                  0        4.385989221        1.536517097       0.6509670346        14.58823572       -5.209688499        0.706595913       -1.292625508                  0                  0                  0                  0
 "BR.QDE3"                       0.8811        24.98424261      -0.6816715486        4.385989221       -1.536517097       0.6865329654        14.58823572        5.209688499        0.715279087       -1.292625508                  0                  0                  0                  0
 "DRIFT_20"                      0.6531        25.63734261                  0        6.719835552       -2.036972922        0.705725832        8.606139829        3.949851994       0.7245610631       -1.566777392                  0                  0                  0                  0
 "BR.QFO32"                      0.5027        26.14004261       0.3804414795        7.492823943       0.5985982134       0.7166537117        6.381814189       0.7534486963       0.7357133517       -1.623684848                  0                  0                  0                  0
 "DRIFT_21"                0.3676885212        26.50773113                  0        7.077137055       0.5319426226       0.7246932915        5.860955766       0.6631264557       0.7452876262       -1.551256531                  0                  0                  0                  0
 "BR.BHZ32"                      1.6177        28.12543113                  0        5.835470353       0.2405622254       0.7649272552        4.175323613       0.3587157572       0.7983091386       -1.392948792                  0                  0                  0                  0
 "PER3$END"                           0        28.12543113                  0        5.835470353       0.2405622254       0.7649272552        4.175323613       0.3587157572       0.7983091386       -1.392948792                  0                  0                  0                  0
 "PER4$START"                         0        28.12543113                  0        5.835470353       0.2405622254       0.7649272552        4.175323613       0.3587157572       0.7983091386       -1.392948792                  0                  0                  0                  0
 "DRIFT_22"                       2.654        30.77943113                  0        5.835470353      -0.2405622254       0.8400727448        4.175323613      -0.3587157572       0.9079408614       -1.392948792                  0                  0                  0                  0
 "BR.BHZ41"                      1.6177        32.39713113                  0        7.077137055      -0.5319426226       0.8803067085        5.860955766      -0.6631264557       0.9609623738       -1.551256531                  0                  0                  0                  0
 "DRIFT_23"                0.3676885212        32.76481965                  0        7.492823943      -0.5985982134       0.8883462883        6.381814189      -0.7534486963       0.9705366483       -1.623684848                  0                  0                  0                  0
 "BR.QFO41"                      0.5027        33.26751965       0.3804414795        6.719835552        2.036972922        0.899274168        8.606139829       -3.949851994       0.9816889369       -1.566777392                  0                  0                  0                  0
 "DRIFT_24"                0.3257324788        33.59325213                  0        5.474122378        1.787371457       0.9078258909        11.38400114        -4.57819324        0.986927449       -1.430044621                  0                  0                  0                  0
 "BR.QNO4L3"                          0        33.59325213                  0        5.474122378        1.787371457       0.9078258909        11.38400114        -4.57819324        0.986927449       -1.430044621                  0                  0                  0                  0
 "DRIFT_25"                0.3273675212        33.92061965                  0        4.385989221        1.536517097       0.9184670346        14.58823572       -5.209688499        0.990970913       -1.292625508                  0                  0                  0                  0
 "BR.QDE4"                       0.8811        34.80171965      -0.6816715486        4.385989221       -1.536517097       0.9540329654        14.58823572        5.209688499        0.999654087       -1.292625508                  0                  0                  0                  0
 "DRIFT_26"                      0.6531        35.45481965                  0        6.719835552       -2.036972922        0.973225832        8.606139829        3.949851994        1.008936063       -1.566777392                  0                  0                  0                  0
 "BR.QFO42"                      0.5027        35.95751965       0.3804414795        7.492823943       0.5985982134       0.9841537117        6.381814189       0.7534486963        1.020088352       -1.623684848                  0                  0                  0                  0
 "DRIFT_27"                0.3676885212        36.32520817                  0        7.077137055       0.5319426226       0.9921932915        5.860955766       0.6631264557        1.029662626       -1.551256531                  0                  0                  0                  0
 "BR.BHZ42"                      1.6177        37.94290817                  0        5.835470353       0.2405622254        1.032427255        4.175323613       0.3587157572        1.082684139       -1.392948792                  0                  0                  0                  0
 "PER4$END"                           0        37.94290817                  0        5.835470353       0.2405622254        1.032427255        4.175323613       0.3587157572        1.082684139       -1.392948792                  0                  0                  0                  0
 "PER5$START"                         0        37.94290817                  0        5.835470353       0.2405622254        1.032427255        4.175323613       0.3587157572        1.082684139       -1.392948792                  0                  0                  0                  0
 "DRIFT_28"                       2.654        40.59690817                  0        5.835470353      -0.2405622254        1.107572745        4.175323613      -0.3587157572        1.192315861       -1.392948792                  0                  0                  0                  0
 "BR.BHZ51"                      1.6177        42.21460817                  0        7.077137055      -0.5319426226        1.147806709        5.860955766      -0.6631264557        1.245337374       -1.551256531                  0                  0                  0                  0
 "DRIFT_29"                0.3676885212        42.58229669                  0        7.492823943      -0.5985982134        1.155846288        6.381814189      -0.7534486963        1.254911648       -1.623684848                  0                  0                  0                  0
 "BR.QFO51"                      0.5027        43.08499669       0.3804414795        6.719835552        2.036972922        1.166774168        8.606139829       -3.949851994        1.266063937       -1.566777392                  0                  0                  0                  0
 "DRIFT_30"                      0.6531        43.73809669                  0        4.385989221        1.536517097        1.185967035        14.58823572       -5.209688499        1.275345913       -1.292625508                  0                  0                  0                  0
 "BR.QDE5"                       0.8811        44.61919669      -0.6816715486        4.385989221       -1.536517097        1.221532965        14.58823572        5.209688499        1.284029087       -1.292625508                  0                  0                  0                  0
 "DRIFT_31"                      0.6531        45.27229669                  0        6.719835552       -2.036972922        1.240725832        8.606139829        3.949851994        1.293311063       -1.566777392                  0                  0                  0                  0
 "BR.QFO52"                      0.5027        45.77499669       0.3804414795        7.492823943       0.5985982134        1.251653712        6.381814189       0.7534486963        1.304463352       -1.623684848                  0                  0                  0                  0
 "DRIFT_32"                0.3676885212        46.14268521                  0        7.077137055       0.5319426226        1.259693291        5.860955766       0.6631264557        1.314037626       -1.551256531                  0                  0                  0                  0
 "BR.BHZ52"                      1.6177        47.76038521                  0        5.835470353       0.2405622254        1.299927255        4.175323613       0.3587157572        1.367059139       -1.392948792                  0                  0                  0                  0
 "PER5$END"                           0        47.76038521                  0        5.835470353       0.2405622254        1.299927255        4.175323613       0.3587157572        1.367059139       -1.392948792                  0                  0                  0                  0
 "PER6$START"                         0        47.76038521                  0        5.835470353       0.2405622254        1.299927255        4.175323613       0.3587157572        1.367059139       -1.392948792                  0                  0                  0                  0
 "DRIFT_33"                       2.654        50.41438521                  0        5.835470353      -0.2405622254        1.375072745        4.175323613      -0.3587157572        1.476690861       -1.392948792                  0                  0                  0                  0
 "BR.BHZ61"                      1.6177        52.03208521                  0        7.077137055      -0.5319426226        1.415306709        5.860955766      -0.6631264557        1.529712374       -1.551256531                  0                  0                  0                  0
 "DRIFT_34"                0.3676885212        52.39977373                  0        7.492823943      -0.5985982134        1.423346288        6.381814189      -0.7534486963        1.539286648       -1.623684848                  0                  0                  0                  0
 "BR.QFO61"                      0.5027        52.90247373       0.3804414795        6.719835552        2.036972922        1.434274168        8.606139829       -3.949851994        1.550438937       -1.566777392                  0                  0                  0                  0
 "DRIFT_35"                      0.6531        53.55557373                  0        4.385989221        1.536517097        1.453467035        14.58823572       -5.209688499        1.559720913       -1.292625508                  0                  0                  0                  0
 "BR.QDE6"                       0.8811        54.43667373      -0.6816715486        4.385989221       -1.536517097        1.489032965        14.58823572        5.209688499        1.568404087       -1.292625508                  0                  0                  0                  0
 "DRIFT_36"                      0.6531        55.08977373                  0        6.719835552       -2.036972922        1.508225832        8.606139829        3.949851994        1.577686063       -1.566777392                  0                  0                  0                  0
 "BR.QFO62"                      0.5027        55.59247373       0.3804414795        7.492823943       0.5985982134        1.519153712        6.381814189       0.7534486963        1.588838352       -1.623684848                  0                  0                  0                  0
 "DRIFT_37"                0.3676885212        55.96016225                  0        7.077137055       0.5319426226        1.527193291        5.860955766       0.6631264557        1.598412626       -1.551256531                  0                  0                  0                  0
 "BR.BHZ62"                      1.6177        57.57786225                  0        5.835470353       0.2405622254        1.567427255        4.175323613       0.3587157572        1.651434139       -1.392948792                  0                  0                  0                  0
 "PER6$END"                           0        57.57786225                  0        5.835470353       0.2405622254        1.567427255        4.175323613       0.3587157572        1.651434139       -1.392948792                  0                  0                  0                  0
 "PER7$START"                         0        57.57786225                  0        5.835470353       0.2405622254        1.567427255        4.175323613       0.3587157572        1.651434139       -1.392948792                  0                  0                  0                  0
 "DRIFT_38"                       2.654        60.23186225                  0        5.835470353      -0.2405622254        1.642572745        4.175323613      -0.3587157572        1.761065861       -1.392948792                  0                  0                  0                  0
 "BR.BHZ71"                      1.6177        61.84956225                  0        7.077137055      -0.5319426226        1.682806709        5.860955766      -0.6631264557        1.814087374       -1.551256531                  0                  0                  0                  0
 "DRIFT_39"                0.3676885212        62.21725078                  0        7.492823943      -0.5985982134        1.690846288        6.381814189      -0.7534486963        1.823661648       -1.623684848                  0                  0                  0                  0
 "BR.QFO71"                      0.5027        62.71995078       0.3804414795        6.719835552        2.036972922        1.701774168        8.606139829       -3.949851994        1.834813937       -1.566777392                  0                  0                  0                  0
 "DRIFT_40"                      0.6531        63.37305078                  0        4.385989221        1.536517097        1.720967035        14.58823572       -5.209688499        1.844095913       -1.292625508                  0                  0                  0                  0
 "BR.QDE7"                       0.8811        64.25415078      -0.6816715486        4.385989221       -1.536517097        1.756532965        14.58823572        5.209688499        1.852779087       -1.292625508                  0                  0                  0                  0
 "DRIFT_41"                      0.6531        64.90725078                  0        6.719835552       -2.036972922        1.775725832        8.606139829        3.949851994        1.862061063       -1.566777392                  0                  0                  0                  0
 "BR.QFO72"                      0.5027        65.40995078       0.3804414795        7.492823943       0.5985982134        1.786653712        6.381814189       0.7534486963        1.873213352       -1.623684848                  0                  0                  0                  0
 "DRIFT_42"                0.3676885212         65.7776393                  0        7.077137055       0.5319426226        1.794693291        5.860955766       0.6631264557        1.882787626       -1.551256531                  0                  0                  0                  0
 "BR.BHZ72"                      1.6177         67.3953393                  0        5.835470353       0.2405622254        1.834927255        4.175323613       0.3587157572        1.935809139       -1.392948792                  0                  0                  0                  0
 "PER7$END"                           0         67.3953393                  0        5.835470353       0.2405622254        1.834927255        4.175323613       0.3587157572        1.935809139       -1.392948792                  0                  0                  0                  0
 "PER8$START"                         0         67.3953393                  0        5.835470353       0.2405622254        1.834927255        4.175323613       0.3587157572        1.935809139       -1.392948792                  0                  0                  0                  0
 "DRIFT_43"                       1.463         68.8583393                  0        5.519597286     -0.02465445566        1.876423084        3.704307658      -0.0367636345         1.99647348       -1.392948792                  0                  0                  0                  0
 "BR.QNO8L1"                          0         68.8583393                  0        5.519597286     -0.02465445566        1.876423084        3.704307658      -0.0367636345         1.99647348       -1.392948792                  0                  0                  0                  0
 "DRIFT_44"                       1.191         70.0493393                  0        5.835470353      -0.2405622254        1.910072745        4.175323613      -0.3587157572        2.045440861       -1.392948792                  0                  0                  0                  0
 "BR.BHZ81"                      1.6177         71.6670393                  0        7.077137055      -0.5319426226        1.950306709        5.860955766      -0.6631264557        2.098462374       -1.551256531                  0                  0                  0                  0
 "DRIFT_45"                   0.1818415         71.8488808                  0        7.276589899       -0.564907352        1.954340067        6.110246289      -0.7077956003        2.103299266        -1.58707618                  0                  0                  0                  0
 "BR2.WBS8L2"                      0.04         71.8888808                  0         7.32207254      -0.5721586625        1.955212238        6.167262976      -0.7176215519        2.104336335       -1.594955492                  0                  0                  0                  0
 "DRIFT_46"                0.1458470212        72.03472782                  0        7.492823943      -0.5985982134        1.958346288        6.381814189      -0.7534486963        2.108036648       -1.623684848                  0                  0                  0                  0
 "BR.QFO81"                      0.5027        72.53742782       0.3804414795        6.719835552        2.036972922        1.969274168        8.606139829       -3.949851994        2.119188937       -1.566777392                  0                  0                  0                  0
 "DRIFT_47"                0.3257324788         72.8631603                  0        5.474122378        1.787371457        1.977825891        11.38400114        -4.57819324        2.124427449       -1.430044621                  0                  0                  0                  0
 "BR.QNO8L3"                          0         72.8631603                  0        5.474122378        1.787371457        1.977825891        11.38400114        -4.57819324        2.124427449       -1.430044621                  0                  0                  0                  0
 "DRIFT_48"                0.3273675212        73.19052782                  0        4.385989221        1.536517097        1.988467035        14.58823572       -5.209688499        2.128470913       -1.292625508                  0                  0                  0                  0
 "BR.QDE8"                       0.8811        74.07162782      -0.6816715486        4.385989221       -1.536517097        2.024032965        14.58823572        5.209688499        2.137154087       -1.292625508                  0                  0                  0                  0
 "DRIFT_49"                      0.6531        74.72472782                  0        6.719835552       -2.036972922        2.043225832        8.606139829        3.949851994        2.146436063       -1.566777392                  0                  0                  0                  0
 "BR.QFO82"                      0.5027        75.22742782       0.3804414795        7.492823943       0.5985982134        2.054153712        6.381814189       0.7534486963        2.157588352       -1.623684848                  0                  0                  0                  0
 "DRIFT_50"                0.3676885212        75.59511634                  0        7.077137055       0.5319426226        2.062193291        5.860955766       0.6631264557        2.167162626       -1.551256531                  0                  0                  0                  0
 "BR.BHZ82"                      1.6177        77.21281634                  0        5.835470353       0.2405622254        2.102427255        4.175323613       0.3587157572        2.220184139       -1.392948792                  0                  0                  0                  0
 "PER8$END"                           0        77.21281634                  0        5.835470353       0.2405622254        2.102427255        4.175323613       0.3587157572        2.220184139       -1.392948792                  0                  0                  0                  0
 "PER9$START"                         0        77.21281634                  0        5.835470353       0.2405622254        2.102427255        4.175323613       0.3587157572        2.220184139       -1.392948792                  0                  0                  0                  0
 "DRIFT_51"                       2.654        79.86681634                  0        5.835470353      -0.2405622254        2.177572745        4.175323613      -0.3587157572        2.329815861       -1.392948792                  0                  0                  0                  0
 "BR.BHZ91"                      1.6177        81.48451634                  0        7.077137055      -0.5319426226        2.217806709        5.860955766      -0.6631264557        2.382837374       -1.551256531                  0                  0                  0                  0
 "DRIFT_52"                0.3676885212        81.85220486                  0        7.492823943      -0.5985982134        2.225846288        6.381814189      -0.7534486963        2.392411648       -1.623684848                  0                  0                  0                  0
 "BR.QFO91"                      0.5027        82.35490486       0.3804414795        6.719835552        2.036972922        2.236774168        8.606139829       -3.949851994        2.403563937       -1.566777392                  0                  0                  0                  0
 "DRIFT_53"                      0.6531        83.00800486                  0        4.385989221        1.536517097        2.255967035        14.58823572       -5.209688499        2.412845913       -1.292625508                  0                  0                  0                  0
 "BR.QDE9"                       0.8811        83.88910486      -0.6816715486        4.385989221       -1.536517097        2.291532965        14.58823572        5.209688499        2.421529087       -1.292625508                  0                  0                  0                  0
 "DRIFT_54"                      0.6531        84.54220486                  0        6.719835552       -2.036972922        2.310725832        8.606139829        3.949851994        2.430811063       -1.566777392                  0                  0                  0                  0
 "BR.QFO92"                      0.5027        85.04490486       0.3804414795        7.492823943       0.5985982134        2.321653712        6.381814189       0.7534486963        2.441963352       -1.623684848                  0                  0                  0                  0
 "DRIFT_55"                0.3676885212        85.41259338                  0        7.077137055       0.5319426226        2.329693291        5.860955766       0.6631264557        2.451537626       -1.551256531                  0                  0                  0                  0
 "BR.BHZ92"                      1.6177        87.03029338                  0        5.835470353       0.2405622254        2.369927255        4.175323613       0.3587157572        2.504559139       -1.392948792                  0                  0                  0                  0
 "PER9$END"                           0        87.03029338                  0        5.835470353       0.2405622254        2.369927255        4.175323613       0.3587157572        2.504559139       -1.392948792                  0                  0                  0                  0
 "PER10$START"                        0        87.03029338                  0        5.835470353       0.2405622254        2.369927255        4.175323613       0.3587157572        2.504559139       -1.392948792                  0                  0                  0                  0
 "DRIFT_56"                       0.827        87.85729338                  0         5.56156497       0.0906413811         2.39311329        3.766888014        0.135160421        2.537993126       -1.392948792                  0                  0                  0                  0
 "BR.C02"                             1        88.85729338                  0         5.56156497      -0.0906413811         2.42188671        3.766888014       -0.135160421        2.580756874       -1.392948792                  0                  0                  0                  0
 "DRIFT_57"                       0.827        89.68429338                  0        5.835470353      -0.2405622254        2.445072745        4.175323613      -0.3587157572        2.614190861       -1.392948792                  0                  0                  0                  0
 "BR.BHZ101"                     1.6177        91.30199338                  0        7.077137055      -0.5319426226        2.485306709        5.860955766      -0.6631264557        2.667212374       -1.551256531                  0                  0                  0                  0
 "DRIFT_58"                0.3676885212         91.6696819                  0        7.492823943      -0.5985982134        2.493346288        6.381814189      -0.7534486963        2.676786648       -1.623684848                  0                  0                  0                  0
 "BR.QFO101"                     0.5027         92.1723819       0.3804414795        6.719835552        2.036972922        2.504274168        8.606139829       -3.949851994        2.687938937       -1.566777392                  0                  0                  0                  0
 "DRIFT_59"                      0.6531         92.8254819                  0        4.385989221        1.536517097        2.523467035        14.58823572       -5.209688499        2.697220913       -1.292625508                  0                  0                  0                  0
 "BR.QDE10"                      0.8811         93.7065819      -0.6816715486        4.385989221       -1.536517097        2.559032965        14.58823572        5.209688499        2.705904087       -1.292625508                  0                  0                  0                  0
 "DRIFT_60"                      0.6531         94.3596819                  0        6.719835552       -2.036972922        2.578225832        8.606139829        3.949851994        2.715186063       -1.566777392                  0                  0                  0                  0
 "BR.QFO102"                     0.5027         94.8623819       0.3804414795        7.492823943       0.5985982134        2.589153712        6.381814189       0.7534486963        2.726338352       -1.623684848                  0                  0                  0                  0
 "DRIFT_61"                0.3676885212        95.23007042                  0        7.077137055       0.5319426226        2.597193291        5.860955766       0.6631264557        2.735912626       -1.551256531                  0                  0                  0                  0
 "BR.BHZ102"                     1.6177        96.84777042                  0        5.835470353       0.2405622254        2.637427255        4.175323613       0.3587157572        2.788934139       -1.392948792                  0                  0                  0                  0
 "PER10$END"                          0        96.84777042                  0        5.835470353       0.2405622254        2.637427255        4.175323613       0.3587157572        2.788934139       -1.392948792                  0                  0                  0                  0
 "PER11$START"                        0        96.84777042                  0        5.835470353       0.2405622254        2.637427255        4.175323613       0.3587157572        2.788934139       -1.392948792                  0                  0                  0                  0
 "DRIFT_62"                       1.463        98.31077042                  0        5.519597286     -0.02465445566        2.678923084        3.704307658      -0.0367636345         2.84959848       -1.392948792                  0                  0                  0                  0
 "BR.QNO11L1"                         0        98.31077042                  0        5.519597286     -0.02465445566        2.678923084        3.704307658      -0.0367636345         2.84959848       -1.392948792                  0                  0                  0                  0
 "DRIFT_63"                       1.191        99.50177042                  0        5.835470353      -0.2405622254        2.712572745        4.175323613      -0.3587157572        2.898565861       -1.392948792                  0                  0                  0                  0
 "BR.BHZ111"                     1.6177        101.1194704                  0        7.077137055      -0.5319426226        2.752806709        5.860955766      -0.6631264557        2.951587374       -1.551256531                  0                  0                  0                  0
 "DRIFT_64"                0.3676885212        101.4871589                  0        7.492823943      -0.5985982134        2.760846288        6.381814189      -0.7534486963        2.961161648       -1.623684848                  0                  0                  0                  0
 "BR.QFO111"                     0.5027        101.9898589       0.3804414795        6.719835552        2.036972922        2.771774168        8.606139829       -3.949851994        2.972313937       -1.566777392                  0                  0                  0                  0
 "DRIFT_65"                      0.6531        102.6429589                  0        4.385989221        1.536517097        2.790967035        14.58823572       -5.209688499        2.981595913       -1.292625508                  0                  0                  0                  0
 "BR.QDE11"                      0.8811        103.5240589      -0.6816715486        4.385989221       -1.536517097        2.826532965        14.58823572        5.209688499        2.990279087       -1.292625508                  0                  0                  0                  0
 "DRIFT_66"                      0.6531        104.1771589                  0        6.719835552       -2.036972922        2.845725832        8.606139829        3.949851994        2.999561063       -1.566777392                  0                  0                  0                  0
 "BR.QFO112"                     0.5027        104.6798589       0.3804414795        7.492823943       0.5985982134        2.856653712        6.381814189       0.7534486963        3.010713352       -1.623684848                  0                  0                  0                  0
 "DRIFT_67"                0.3676885212        105.0475475                  0        7.077137055       0.5319426226        2.864693291        5.860955766       0.6631264557        3.020287626       -1.551256531                  0                  0                  0                  0
 "BR.BHZ112"                     1.6177        106.6652475                  0        5.835470353       0.2405622254        2.904927255        4.175323613       0.3587157572        3.073309139       -1.392948792                  0                  0                  0                  0
 "PER11$END"                          0        106.6652475                  0        5.835470353       0.2405622254        2.904927255        4.175323613       0.3587157572        3.073309139       -1.392948792                  0                  0                  0                  0
 "PER12$START"                        0        106.6652475                  0        5.835470353       0.2405622254        2.904927255        4.175323613       0.3587157572        3.073309139       -1.392948792                  0                  0                  0                  0
 "DRIFT_68"                       2.654        109.3192475                  0        5.835470353      -0.2405622254        2.980072745        4.175323613      -0.3587157572        3.182940861       -1.392948792                  0                  0                  0                  0
 "BR.BHZ121"                     1.6177        110.9369475                  0        7.077137055      -0.5319426226        3.020306709        5.860955766      -0.6631264557        3.235962374       -1.551256531                  0                  0                  0                  0
 "DRIFT_69"                0.3676885212         111.304636                  0        7.492823943      -0.5985982134        3.028346288        6.381814189      -0.7534486963        3.245536648       -1.623684848                  0                  0                  0                  0
 "BR.QFO121"                     0.5027         111.807336       0.3804414795        6.719835552        2.036972922        3.039274168        8.606139829       -3.949851994        3.256688937       -1.566777392                  0                  0                  0                  0
 "DRIFT_70"                0.3257324788        112.1330685                  0        5.474122378        1.787371457        3.047825891        11.38400114        -4.57819324        3.261927449       -1.430044621                  0                  0                  0                  0
 "BR.QNO12L3"                         0        112.1330685                  0        5.474122378        1.787371457        3.047825891        11.38400114        -4.57819324        3.261927449       -1.430044621                  0                  0                  0                  0
 "DRIFT_71"                0.3273675212         112.460436                  0        4.385989221        1.536517097        3.058467035        14.58823572       -5.209688499        3.265970913       -1.292625508                  0                  0                  0                  0
 "BR.QDE12"                      0.8811         113.341536      -0.6816715486        4.385989221       -1.536517097        3.094032965        14.58823572        5.209688499        3.274654087       -1.292625508                  0                  0                  0                  0
 "DRIFT_72"                      0.6531         113.994636                  0        6.719835552       -2.036972922        3.113225832        8.606139829        3.949851994        3.283936063       -1.566777392                  0                  0                  0                  0
 "BR.QFO122"                     0.5027         114.497336       0.3804414795        7.492823943       0.5985982134        3.124153712        6.381814189       0.7534486963        3.295088352       -1.623684848                  0                  0                  0                  0
 "DRIFT_73"                0.3676885212        114.8650245                  0        7.077137055       0.5319426226        3.132193291        5.860955766       0.6631264557        3.304662626       -1.551256531                  0                  0                  0                  0
 "BR.BHZ122"                     1.6177        116.4827245                  0        5.835470353       0.2405622254        3.172427255        4.175323613       0.3587157572        3.357684139       -1.392948792                  0                  0                  0                  0
 "PER12$END"                          0        116.4827245                  0        5.835470353       0.2405622254        3.172427255        4.175323613       0.3587157572        3.357684139       -1.392948792                  0                  0                  0                  0
 "PER13$START"                        0        116.4827245                  0        5.835470353       0.2405622254        3.172427255        4.175323613       0.3587157572        3.357684139       -1.392948792                  0                  0                  0                  0
 "DRIFT_74"                       2.654        119.1367245                  0        5.835470353      -0.2405622254        3.247572745        4.175323613      -0.3587157572        3.467315861       -1.392948792                  0                  0                  0                  0
 "BR.BHZ131"                     1.6177        120.7544245                  0        7.077137055      -0.5319426226        3.287806709        5.860955766      -0.6631264557        3.520337374       -1.551256531                  0                  0                  0                  0
 "DRIFT_75"                0.3676885212         121.122113                  0        7.492823943      -0.5985982134        3.295846288        6.381814189      -0.7534486963        3.529911648       -1.623684848                  0                  0                  0                  0
 "BR.QFO131"                     0.5027         121.624813       0.3804414795        6.719835552        2.036972922        3.306774168        8.606139829       -3.949851994        3.541063937       -1.566777392                  0                  0                  0                  0
 "DRIFT_76"                      0.6531         122.277913                  0        4.385989221        1.536517097        3.325967035        14.58823572       -5.209688499        3.550345913       -1.292625508                  0                  0                  0                  0
 "BR.QDE13"                      0.8811         123.159013      -0.6816715486        4.385989221       -1.536517097        3.361532965        14.58823572        5.209688499        3.559029087       -1.292625508                  0                  0                  0                  0
 "DRIFT_77"                      0.6531         123.812113                  0        6.719835552       -2.036972922        3.380725832        8.606139829        3.949851994        3.568311063       -1.566777392                  0                  0                  0                  0
 "BR.QFO132"                     0.5027         124.314813       0.3804414795        7.492823943       0.5985982134        3.391653712        6.381814189       0.7534486963        3.579463352       -1.623684848                  0                  0                  0                  0
 "DRIFT_78"                0.3676885212        124.6825016                  0        7.077137055       0.5319426226        3.399693291        5.860955766       0.6631264557        3.589037626       -1.551256531                  0                  0                  0                  0
 "BR.BHZ132"                     1.6177        126.3002016                  0        5.835470353       0.2405622254        3.439927255        4.175323613       0.3587157572        3.642059139       -1.392948792                  0                  0                  0                  0
 "PER13$END"                          0        126.3002016                  0        5.835470353       0.2405622254        3.439927255        4.175323613       0.3587157572        3.642059139       -1.392948792                  0                  0                  0                  0
 "PER14$START"                        0        126.3002016                  0        5.835470353       0.2405622254        3.439927255        4.175323613       0.3587157572        3.642059139       -1.392948792                  0                  0                  0                  0
 "DRIFT_79"                       2.654        128.9542016                  0        5.835470353      -0.2405622254        3.515072745        4.175323613      -0.3587157572        3.751690861       -1.392948792                  0                  0                  0                  0
 "BR.BHZ141"                     1.6177        130.5719016                  0        7.077137055      -0.5319426226        3.555306709        5.860955766      -0.6631264557        3.804712374       -1.551256531                  0                  0                  0                  0
 "DRIFT_80"                0.3676885212        130.9395901                  0        7.492823943      -0.5985982134        3.563346288        6.381814189      -0.7534486963        3.814286648       -1.623684848                  0                  0                  0                  0
 "BR.QFO141"                     0.5027        131.4422901       0.3804414795        6.719835552        2.036972922        3.574274168        8.606139829       -3.949851994        3.825438937       -1.566777392                  0                  0                  0                  0
 "DRIFT_81"                      0.6531        132.0953901                  0        4.385989221        1.536517097        3.593467035        14.58823572       -5.209688499        3.834720913       -1.292625508                  0                  0                  0                  0
 "BR.QDE14"                      0.8811        132.9764901      -0.6816715486        4.385989221       -1.536517097        3.629032965        14.58823572        5.209688499        3.843404087       -1.292625508                  0                  0                  0                  0
 "DRIFT_82"                      0.6531        133.6295901                  0        6.719835552       -2.036972922        3.648225832        8.606139829        3.949851994        3.852686063       -1.566777392                  0                  0                  0                  0
 "BR.QFO142"                     0.5027        134.1322901       0.3804414795        7.492823943       0.5985982134        3.659153712        6.381814189       0.7534486963        3.863838352       -1.623684848                  0                  0                  0                  0
 "DRIFT_83"                0.3676885212        134.4999786                  0        7.077137055       0.5319426226        3.667193291        5.860955766       0.6631264557        3.873412626       -1.551256531                  0                  0                  0                  0
 "BR.BHZ142"                     1.6177        136.1176786                  0        5.835470353       0.2405622254        3.707427255        4.175323613       0.3587157572        3.926434139       -1.392948792                  0                  0                  0                  0
 "PER14$END"                          0        136.1176786                  0        5.835470353       0.2405622254        3.707427255        4.175323613       0.3587157572        3.926434139       -1.392948792                  0                  0                  0                  0
 "PER15$START"                        0        136.1176786                  0        5.835470353       0.2405622254        3.707427255        4.175323613       0.3587157572        3.926434139       -1.392948792                  0                  0                  0                  0
 "DRIFT_84"                       2.654        138.7716786                  0        5.835470353      -0.2405622254        3.782572745        4.175323613      -0.3587157572        4.036065861       -1.392948792                  0                  0                  0                  0
 "BR.BHZ151"                     1.6177        140.3893786                  0        7.077137055      -0.5319426226        3.822806709        5.860955766      -0.6631264557        4.089087374       -1.551256531                  0                  0                  0                  0
 "DRIFT_85"                0.3676885212        140.7570671                  0        7.492823943      -0.5985982134        3.830846288        6.381814189      -0.7534486963        4.098661648       -1.623684848                  0                  0                  0                  0
 "BR.QFO151"                     0.5027        141.2597671       0.3804414795        6.719835552        2.036972922        3.841774168        8.606139829       -3.949851994        4.109813937       -1.566777392                  0                  0                  0                  0
 "DRIFT_86"                      0.6531        141.9128671                  0        4.385989221        1.536517097        3.860967035        14.58823572       -5.209688499        4.119095913       -1.292625508                  0                  0                  0                  0
 "BR.QDE15"                      0.8811        142.7939671      -0.6816715486        4.385989221       -1.536517097        3.896532965        14.58823572        5.209688499        4.127779087       -1.292625508                  0                  0                  0                  0
 "DRIFT_87"                      0.6531        143.4470671                  0        6.719835552       -2.036972922        3.915725832        8.606139829        3.949851994        4.137061063       -1.566777392                  0                  0                  0                  0
 "BR.QFO152"                     0.5027        143.9497671       0.3804414795        7.492823943       0.5985982134        3.926653712        6.381814189       0.7534486963        4.148213352       -1.623684848                  0                  0                  0                  0
 "DRIFT_88"                0.3676885212        144.3174556                  0        7.077137055       0.5319426226        3.934693291        5.860955766       0.6631264557        4.157787626       -1.551256531                  0                  0                  0                  0
 "BR.BHZ152"                     1.6177        145.9351556                  0        5.835470353       0.2405622254        3.974927255        4.175323613       0.3587157572        4.210809139       -1.392948792                  0                  0                  0                  0
 "PER15$END"                          0        145.9351556                  0        5.835470353       0.2405622254        3.974927255        4.175323613       0.3587157572        4.210809139       -1.392948792                  0                  0                  0                  0
 "PER16$START"                        0        145.9351556                  0        5.835470353       0.2405622254        3.974927255        4.175323613       0.3587157572        4.210809139       -1.392948792                  0                  0                  0                  0
 "DRIFT_89"                       0.928        146.8631556                  0        5.545104677      0.07233182212        4.001008047        3.742343152       0.1078580159        4.248524969       -1.392948792                  0                  0                  0                  0
 "BR.KSW16L1"                     0.444        147.3071556                  0        5.516611377    -0.008157724299        4.013798313        3.699855203     -0.01216443789        4.267560935       -1.392948792                  0                  0                  0                  0
 "DRIFT_90"                       0.091        147.3981556                  0        5.519597286     -0.02465445566        4.016423084        3.704307658      -0.0367636345         4.27147348       -1.392948792                  0                  0                  0                  0
 "BR.QNO16L1"                         0        147.3981556                  0        5.519597286     -0.02465445566        4.016423084        3.704307658      -0.0367636345         4.27147348       -1.392948792                  0                  0                  0                  0
 "DRIFT_91"                       1.191        148.5891556                  0        5.835470353      -0.2405622254        4.050072745        4.175323613      -0.3587157572        4.320440861       -1.392948792                  0                  0                  0                  0
 "BR.BHZ161"                     1.6177        150.2068556                  0        7.077137055      -0.5319426226        4.090306709        5.860955766      -0.6631264557        4.373462374       -1.551256531                  0                  0                  0                  0
 "DRIFT_92"                0.3676885212        150.5745442                  0        7.492823943      -0.5985982134        4.098346288        6.381814189      -0.7534486963        4.383036648       -1.623684848                  0                  0                  0                  0
 "BR.QFO161"                     0.5027        151.0772442       0.3804414795        6.719835552        2.036972922        4.109274168        8.606139829       -3.949851994        4.394188937       -1.566777392                  0                  0                  0                  0
 "DRIFT_93"                0.3257324788        151.4029766                  0        5.474122378        1.787371457        4.117825891        11.38400114        -4.57819324        4.399427449       -1.430044621                  0                  0                  0                  0
 "BR.QNO16L3"                         0        151.4029766                  0        5.474122378        1.787371457        4.117825891        11.38400114        -4.57819324        4.399427449       -1.430044621                  0                  0                  0                  0
 "DRIFT_94"                0.3273675212        151.7303442                  0        4.385989221        1.536517097        4.128467035        14.58823572       -5.209688499        4.403470913       -1.292625508                  0                  0                  0                  0
 "BR.QDE16"                      0.8811        152.6114442      -0.6816715486        4.385989221       -1.536517097        4.164032965        14.58823572        5.209688499        4.412154087       -1.292625508                  0                  0                  0                  0
 "DRIFT_95"                     0.10545        152.7168942                  0        4.718561455       -1.617321057        4.167722461        13.51096244        5.006274382        4.413349523        -1.33689027                  0                  0                  0                  0
 "BR.KSW16L4"                     0.444        153.1608942                  0        6.305803432       -1.957548261        4.180691531        9.445668125        4.149793892        4.419606369       -1.523268216                  0                  0                  0                  0
 "DRIFT_96"                     0.10365        153.2645442                  0        6.719835552       -2.036972922        4.183225832        8.606139829        3.949851994        4.421436063       -1.566777392                  0                  0                  0                  0
 "BR.QFO162"                     0.5027        153.7672442       0.3804414795        7.492823943       0.5985982134        4.194153712        6.381814189       0.7534486963        4.432588352       -1.623684848                  0                  0                  0                  0
 "DRIFT_97"                0.3676885212        154.1349327                  0        7.077137055       0.5319426226        4.202193291        5.860955766       0.6631264557        4.442162626       -1.551256531                  0                  0                  0                  0
 "BR.BHZ162"                     1.6177        155.7526327                  0        5.835470353       0.2405622254        4.242427255        4.175323613       0.3587157572        4.495184139       -1.392948792                  0                  0                  0                  0
 "PER16$END"                          0        155.7526327                  0        5.835470353       0.2405622254        4.242427255        4.175323613       0.3587157572        4.495184139       -1.392948792                  0                  0                  0                  0
 "PER1TOFOIL$START"                   0        155.7526327                  0        5.835470353       0.2405622254        4.242427255        4.175323613       0.3587157572        4.495184139       -1.392948792                  0                  0                  0                  0
 "DRIFT_98"                       0.151        155.9036327                  0        5.766953989       0.2131885283        4.246570446         4.07315504       0.3178973101        4.501012999       -1.392948792                  0                  0                  0                  0
 "BR.BSW1"                         0.37        156.2736327                  0        5.634012088       0.1461139063        4.256908652        3.874917954       0.2178785986        4.515857136       -1.392948792                  0                  0                  0                  0
 "DRIFT_99"                       0.326        156.5996327                  0        5.558011828      0.08701572585        4.266185813        3.761589726       0.1297540041        4.529463746       -1.392948792                  0                  0                  0                  0
 "BR.BSW2"                         0.37        156.9696327                  0        5.518437801      0.01994110384        4.276826695        3.702578686      0.02973529261        4.545268875       -1.392948792                  0                  0                  0                  0
 "DRIFT_100"                       0.11        157.0796327                  0         5.51624428   -3.330669074e-15               4.28        3.699307804    6.800116026e-14               4.55       -1.392948792                  0                  0                  0                  0
 "PER1TOFOIL$END"                     0        157.0796327                  0         5.51624428   -3.330669074e-15               4.28        3.699307804    6.800116026e-14               4.55       -1.392948792                  0                  0                  0                  0
 "PSBRING$END"                        0        157.0796327                  0         5.51624428   -3.330669074e-15               4.28        3.699307804    6.800116026e-14               4.55       -1.392948792                  0                  0                  0                  0
